<?xml version="1.0" encoding="UTF-8"?>
<!-- Generated by org.testng.reporters.JUnitReportReporter -->
<testsuite hostname="Josephs-MacBook-Pro-3.local" failures="0" tests="2" name="Automation.TheInternet" time="1.226" errors="0" timestamp="2020-11-10T17:20:02 EST" skipped="0">
  <testcase classname="Automation.TheInternet" name="tc19Frames" time="0.894"/>
  <system-out/>
  <testcase classname="Automation.TheInternet" name="canLaunchChromeDriver" time="0.332"/>
  <system-out/>
</testsuite> <!-- Automation.TheInternet -->
