<?xml version="1.0" encoding="UTF-8"?>
<!-- Generated by org.testng.reporters.JUnitReportReporter -->
<testsuite hostname="Josephs-MacBook-Pro-3.local" failures="0" tests="1" name="restassured.Homework_2_POST" time="1.518" errors="0" timestamp="2020-11-13T18:00:34 EST" skipped="0">
  <testcase classname="restassured.Homework_2_POST" name="test_1_post" time="1.518"/>
  <system-out/>
</testsuite> <!-- restassured.Homework_2_POST -->
