<?xml version="1.0" encoding="UTF-8"?>
<!-- Generated by org.testng.reporters.JUnitReportReporter -->
<testsuite hostname="Josephs-MacBook-Pro-3.local" failures="0" tests="2" name="Automation.TheInternet" time="1.348" errors="0" timestamp="2020-11-11T00:59:23 EST" skipped="0">
  <testcase classname="Automation.TheInternet" name="canLaunchChromeDriver" time="0.367"/>
  <system-out/>
  <testcase classname="Automation.TheInternet" name="tc21Hovers" time="0.981"/>
  <system-out/>
</testsuite> <!-- Automation.TheInternet -->
