<?xml version="1.0" encoding="UTF-8"?>
<!-- Generated by org.testng.reporters.JUnitReportReporter -->
<testsuite hostname="Josephs-MacBook-Pro-3.local" failures="0" tests="1" name="restassured.Homework_6_DESERIALIZE" time="1.764" errors="0" timestamp="2020-11-16T17:00:24 EST" skipped="0">
  <testcase classname="restassured.Homework_6_DESERIALIZE" name="deserialized" time="1.764"/>
  <system-out/>
</testsuite> <!-- restassured.Homework_6_DESERIALIZE -->
