<?xml version="1.0" encoding="UTF-8"?>
<!-- Generated by org.testng.reporters.JUnitReportReporter -->
<testsuite hostname="Josephs-MacBook-Pro-3.local" failures="0" tests="12" name="Automation.TheInternet" time="19.198" errors="0" timestamp="2020-11-09T21:48:50 EST" skipped="0">
  <testcase classname="Automation.TheInternet" name="tc12DynamicLoading" time="5.518"/>
  <system-out/>
  <testcase classname="Automation.TheInternet" name="tc2AddRemoveElement" time="4.722"/>
  <system-out/>
  <testcase classname="Automation.TheInternet" name="tc1canNavigateToIndexPage" time="0.099"/>
  <system-out/>
  <testcase classname="Automation.TheInternet" name="tc3BasicAuth" time="0.400"/>
  <system-out/>
  <testcase classname="Automation.TheInternet" name="tc10CanSelectDropdownListItem" time="0.252"/>
  <system-out/>
  <testcase classname="Automation.TheInternet" name="tc9DragAndDrop" time="0.901"/>
  <system-out/>
  <testcase classname="Automation.TheInternet" name="tc7DisappearingElements" time="0.709"/>
  <system-out/>
  <testcase classname="Automation.TheInternet" name="tc4ChallengingDom" time="1.651"/>
  <system-out/>
  <testcase classname="Automation.TheInternet" name="canLaunchChromeDriver" time="0.363"/>
  <system-out/>
  <testcase classname="Automation.TheInternet" name="tc11DynamicControls" time="3.304"/>
  <system-out/>
  <testcase classname="Automation.TheInternet" name="tc13EntryAd" time="0.807"/>
  <system-out/>
  <testcase classname="Automation.TheInternet" name="tc6ContextMenu" time="0.472"/>
  <system-out/>
</testsuite> <!-- Automation.TheInternet -->
