<?xml version="1.0" encoding="UTF-8"?>
<!-- Generated by org.testng.reporters.JUnitReportReporter -->
<testsuite hostname="Josephs-MacBook-Pro-3.local" failures="0" tests="10" name="Automation.TheInternet" time="15.666" errors="0" timestamp="2020-11-08T21:31:06 EST" skipped="0">
  <testcase classname="Automation.TheInternet" name="canLaunchChromeDriver" time="0.358"/>
  <system-out/>
  <testcase classname="Automation.TheInternet" name="tc2AddRemoveElement" time="4.772"/>
  <system-out/>
  <testcase classname="Automation.TheInternet" name="tc1canNavigateToIndexPage" time="0.116"/>
  <system-out/>
  <testcase classname="Automation.TheInternet" name="tc4ChallengingDom" time="4.439"/>
  <system-out/>
  <testcase classname="Automation.TheInternet" name="tc6ContextMenu" time="0.444"/>
  <system-out/>
  <testcase classname="Automation.TheInternet" name="tc10CanSelectDropdownListItem" time="0.254"/>
  <system-out/>
  <testcase classname="Automation.TheInternet" name="tc11DynamicControls" time="3.273"/>
  <system-out/>
  <testcase classname="Automation.TheInternet" name="tc9DragAndDrop" time="0.870"/>
  <system-out/>
  <testcase classname="Automation.TheInternet" name="tc3BasicAuth" time="0.414"/>
  <system-out/>
  <testcase classname="Automation.TheInternet" name="tc7DisappearingElements" time="0.726"/>
  <system-out/>
</testsuite> <!-- Automation.TheInternet -->
