<?xml version="1.0" encoding="UTF-8"?>
<!-- Generated by org.testng.reporters.JUnitReportReporter -->
<testsuite hostname="Josephs-MacBook-Pro-3.local" failures="0" tests="2" name="Automation.TheInternet" time="3.075" errors="0" timestamp="2020-11-10T16:42:09 EST" skipped="0">
  <testcase classname="Automation.TheInternet" name="canLaunchChromeDriver" time="2.387"/>
  <system-out/>
  <testcase classname="Automation.TheInternet" name="tc18LoginPage" time="0.688"/>
  <system-out/>
</testsuite> <!-- Automation.TheInternet -->
