<?xml version="1.0" encoding="UTF-8"?>
<!-- Generated by org.testng.reporters.JUnitReportReporter -->
<testsuite hostname="Josephs-MacBook-Pro-3.local" failures="0" tests="2" name="Automation.TheInternet" time="3.860" errors="0" timestamp="2020-11-10T16:15:21 EST" skipped="0">
  <testcase classname="Automation.TheInternet" name="canLaunchChromeDriver" time="3.314"/>
  <system-out/>
  <testcase classname="Automation.TheInternet" name="tc16FileUploader" time="0.546"/>
  <system-out/>
</testsuite> <!-- Automation.TheInternet -->
