<?xml version="1.0" encoding="UTF-8"?>
<!-- Generated by org.testng.reporters.JUnitReportReporter -->
<testsuite hostname="Josephs-MacBook-Pro-3.local" failures="0" tests="7" name="Automation.TheInternet" time="10.824" errors="0" timestamp="2020-11-08T15:25:17 EST" skipped="0">
  <testcase classname="Automation.TheInternet" name="t9ContextMenu" time="0.408"/>
  <system-out/>
  <testcase classname="Automation.TheInternet" name="tc4CanSelectDropdownListItem" time="0.222"/>
  <system-out/>
  <testcase classname="Automation.TheInternet" name="canNavigateToIndexPage" time="0.092"/>
  <system-out/>
  <testcase classname="Automation.TheInternet" name="t6BasicAuth" time="0.469"/>
  <system-out/>
  <testcase classname="Automation.TheInternet" name="t7ChallengingDom" time="4.397"/>
  <system-out/>
  <testcase classname="Automation.TheInternet" name="canLaunchChromeDriver" time="0.345"/>
  <system-out/>
  <testcase classname="Automation.TheInternet" name="t5AddRemoveElement" time="4.891"/>
  <system-out/>
</testsuite> <!-- Automation.TheInternet -->
