<?xml version="1.0" encoding="UTF-8"?>
<!-- Generated by org.testng.reporters.JUnitReportReporter -->
<testsuite hostname="Josephs-MacBook-Pro-3.local" failures="0" tests="3" name="Automation.TheInternet" time="0.689" errors="0" timestamp="2020-11-07T13:04:58 EST" skipped="0">
  <testcase classname="Automation.TheInternet" name="canLaunchChromeDriver" time="0.341"/>
  <system-out/>
  <testcase classname="Automation.TheInternet" name="tc4CanSelectDropdownListItem" time="0.243"/>
  <system-out/>
  <testcase classname="Automation.TheInternet" name="canNavigateToIndexPage" time="0.105"/>
  <system-out/>
</testsuite> <!-- Automation.TheInternet -->
