<?xml version="1.0" encoding="UTF-8"?>
<!-- Generated by org.testng.reporters.JUnitReportReporter -->
<testsuite hostname="Josephs-MacBook-Pro-3.local" failures="0" tests="11" name="Automation.TheInternet" time="21.568" errors="0" timestamp="2020-11-08T22:05:46 EST" skipped="0">
  <testcase classname="Automation.TheInternet" name="tc2AddRemoveElement" time="4.754"/>
  <system-out/>
  <testcase classname="Automation.TheInternet" name="tc4ChallengingDom" time="4.790"/>
  <system-out/>
  <testcase classname="Automation.TheInternet" name="tc6ContextMenu" time="0.524"/>
  <system-out/>
  <testcase classname="Automation.TheInternet" name="tc11DynamicControls" time="3.276"/>
  <system-out/>
  <testcase classname="Automation.TheInternet" name="tc1canNavigateToIndexPage" time="0.090"/>
  <system-out/>
  <testcase classname="Automation.TheInternet" name="tc7DisappearingElements" time="0.713"/>
  <system-out/>
  <testcase classname="Automation.TheInternet" name="tc12DynamicLoading" time="5.513"/>
  <system-out/>
  <testcase classname="Automation.TheInternet" name="tc10CanSelectDropdownListItem" time="0.272"/>
  <system-out/>
  <testcase classname="Automation.TheInternet" name="canLaunchChromeDriver" time="0.364"/>
  <system-out/>
  <testcase classname="Automation.TheInternet" name="tc3BasicAuth" time="0.407"/>
  <system-out/>
  <testcase classname="Automation.TheInternet" name="tc9DragAndDrop" time="0.865"/>
  <system-out/>
</testsuite> <!-- Automation.TheInternet -->
