<?xml version="1.0" encoding="UTF-8"?>
<!-- Generated by org.testng.reporters.JUnitReportReporter -->
<testsuite hostname="Josephs-MacBook-Pro-3.local" failures="0" tests="2" name="Automation.TheInternet" time="2.681" errors="0" timestamp="2020-11-11T01:21:13 EST" skipped="0">
  <testcase classname="Automation.TheInternet" name="canLaunchChromeDriver" time="0.391"/>
  <system-out/>
  <testcase classname="Automation.TheInternet" name="tc22InfiniteScroll" time="2.290"/>
  <system-out/>
</testsuite> <!-- Automation.TheInternet -->
