<?xml version="1.0" encoding="UTF-8"?>
<!-- Generated by org.testng.reporters.JUnitReportReporter -->
<testsuite hostname="Josephs-MacBook-Pro-3.local" failures="0" tests="1" name="theInternet.pages.TheInternet" time="0.455" errors="0" timestamp="2020-12-10T20:16:36 EST" skipped="0">
  <testcase classname="theInternet.pages.TheInternet" name="tc2AddRemoveElement" time="0.455"/>
  <system-out/>
</testsuite> <!-- theInternet.pages.TheInternet -->
