<?xml version="1.0" encoding="UTF-8"?>
<!-- Generated by org.testng.reporters.JUnitReportReporter -->
<testsuite hostname="Josephs-MacBook-Pro-3.local" failures="0" tests="1" name="restassured.Homework_7_Deserialization" time="1.465" errors="0" timestamp="2020-11-16T17:01:20 EST" skipped="0">
  <testcase classname="restassured.Homework_7_Deserialization" name="DeserTest" time="1.465"/>
  <system-out/>
</testsuite> <!-- restassured.Homework_7_Deserialization -->
