<?xml version="1.0" encoding="UTF-8"?>
<!-- Generated by org.testng.reporters.JUnitReportReporter -->
<testsuite hostname="Josephs-MacBook-Pro-3.local" failures="0" tests="2" name="restassured.Homework_1_GET" time="1.884" errors="0" timestamp="2020-11-13T17:47:11 EST" skipped="0">
  <testcase classname="restassured.Homework_1_GET" name="test_01" time="1.329"/>
  <system-out/>
  <testcase classname="restassured.Homework_1_GET" name="test_02" time="0.555"/>
  <system-out/>
</testsuite> <!-- restassured.Homework_1_GET -->
