<?xml version="1.0" encoding="UTF-8"?>
<!-- Generated by org.testng.reporters.JUnitReportReporter -->
<testsuite hostname="Josephs-MacBook-Pro-3.local" failures="0" tests="3" name="Automation.TheInternet" time="0.879" errors="0" timestamp="2020-11-12T20:41:14 EST" skipped="0">
  <testcase classname="Automation.TheInternet" name="tc9DragAndDrop" time="0.428"/>
  <system-out/>
  <testcase classname="Automation.TheInternet" name="canLaunchChromeDriver" time="0.349"/>
  <system-out/>
  <testcase classname="Automation.TheInternet" name="tc1canNavigateToIndexPage" time="0.102"/>
  <system-out/>
</testsuite> <!-- Automation.TheInternet -->
