<?xml version="1.0" encoding="UTF-8"?>
<!-- Generated by org.testng.reporters.JUnitReportReporter -->
<testsuite hostname="Josephs-MacBook-Pro-3.local" failures="0" tests="1" name="restassured.Homework_5_PUT" time="1.496" errors="0" timestamp="2020-11-15T23:42:52 EST" skipped="0">
  <testcase classname="restassured.Homework_5_PUT" name="homework_5" time="1.496"/>
  <system-out/>
</testsuite> <!-- restassured.Homework_5_PUT -->
