<?xml version="1.0" encoding="UTF-8"?>
<!-- Generated by org.testng.reporters.JUnitReportReporter -->
<testsuite hostname="Josephs-MacBook-Pro-3.local" failures="0" tests="2" name="Automation.TheInternet" time="9.712" errors="0" timestamp="2020-11-10T14:39:21 EST" skipped="0">
  <testcase classname="Automation.TheInternet" name="canLaunchChromeDriver" time="0.355"/>
  <system-out/>
  <testcase classname="Automation.TheInternet" name="tc15FileDownload" time="9.357"/>
  <system-out/>
</testsuite> <!-- Automation.TheInternet -->
