<?xml version="1.0" encoding="UTF-8"?>
<!-- Generated by org.testng.reporters.JUnitReportReporter -->
<testsuite hostname="Josephs-MacBook-Pro-3.local" failures="0" tests="9" name="Automation.TheInternet" time="13.349" errors="0" timestamp="2020-11-08T21:02:22 EST" skipped="0">
  <testcase classname="Automation.TheInternet" name="tc1canNavigateToIndexPage" time="0.100"/>
  <system-out/>
  <testcase classname="Automation.TheInternet" name="tc3BasicAuth" time="0.400"/>
  <system-out/>
  <testcase classname="Automation.TheInternet" name="tc9CanSelectDropdownListItem" time="0.192"/>
  <system-out/>
  <testcase classname="Automation.TheInternet" name="tc6ContextMenu" time="0.437"/>
  <system-out/>
  <testcase classname="Automation.TheInternet" name="tc7DisappearingElements" time="0.640"/>
  <system-out/>
  <testcase classname="Automation.TheInternet" name="tc2AddRemoveElement" time="4.859"/>
  <system-out/>
  <testcase classname="Automation.TheInternet" name="tc10DragAndDrop" time="0.897"/>
  <system-out/>
  <testcase classname="Automation.TheInternet" name="tc4ChallengingDom" time="5.448"/>
  <system-out/>
  <testcase classname="Automation.TheInternet" name="canLaunchChromeDriver" time="0.376"/>
  <system-out/>
</testsuite> <!-- Automation.TheInternet -->
