<?xml version="1.0" encoding="UTF-8"?>
<!-- Generated by org.testng.reporters.JUnitReportReporter -->
<testsuite hostname="Josephs-MBP-3" failures="0" tests="3" name="dataDriven.ParameterDriven" time="10.916" errors="0" timestamp="2020-11-27T20:33:07 EST" skipped="0">
  <testcase classname="dataDriven.ParameterDriven" name="testMethod" time="4.018"/>
  <system-out/>
  <testcase classname="dataDriven.ParameterDriven" name="testMethod" time="3.584"/>
  <system-out/>
  <testcase classname="dataDriven.ParameterDriven" name="testMethod" time="3.314"/>
  <system-out/>
</testsuite> <!-- dataDriven.ParameterDriven -->
