<?xml version="1.0" encoding="UTF-8"?>
<!-- Generated by org.testng.reporters.JUnitReportReporter -->
<testsuite hostname="Josephs-MacBook-Pro-3.local" failures="0" tests="4" name="Automation.TheInternet" time="1.310" errors="0" timestamp="2020-11-07T13:42:22 EST" skipped="0">
  <testcase classname="Automation.TheInternet" name="canNavigateToIndexPage" time="0.097"/>
  <system-out/>
  <testcase classname="Automation.TheInternet" name="canLaunchChromeDriver" time="0.348"/>
  <system-out/>
  <testcase classname="Automation.TheInternet" name="t5AddRemoveElement" time="0.641"/>
  <system-out/>
  <testcase classname="Automation.TheInternet" name="tc4CanSelectDropdownListItem" time="0.224"/>
  <system-out/>
</testsuite> <!-- Automation.TheInternet -->
