<?xml version="1.0" encoding="UTF-8"?>
<!-- Generated by org.testng.reporters.JUnitReportReporter -->
<testsuite hostname="Josephs-MacBook-Pro-3.local" failures="0" tests="11" name="Automation.TheInternet" time="18.338" errors="0" timestamp="2020-11-08T22:44:49 EST" skipped="0">
  <testcase classname="Automation.TheInternet" name="tc2AddRemoveElement" time="4.762"/>
  <system-out/>
  <testcase classname="Automation.TheInternet" name="tc11DynamicControls" time="3.285"/>
  <system-out/>
  <testcase classname="Automation.TheInternet" name="tc6ContextMenu" time="0.489"/>
  <system-out/>
  <testcase classname="Automation.TheInternet" name="tc1canNavigateToIndexPage" time="0.101"/>
  <system-out/>
  <testcase classname="Automation.TheInternet" name="tc4ChallengingDom" time="1.690"/>
  <system-out/>
  <testcase classname="Automation.TheInternet" name="tc9DragAndDrop" time="0.864"/>
  <system-out/>
  <testcase classname="Automation.TheInternet" name="tc12DynamicLoading" time="5.468"/>
  <system-out/>
  <testcase classname="Automation.TheInternet" name="tc10CanSelectDropdownListItem" time="0.240"/>
  <system-out/>
  <testcase classname="Automation.TheInternet" name="tc7DisappearingElements" time="0.687"/>
  <system-out/>
  <testcase classname="Automation.TheInternet" name="canLaunchChromeDriver" time="0.351"/>
  <system-out/>
  <testcase classname="Automation.TheInternet" name="tc3BasicAuth" time="0.401"/>
  <system-out/>
</testsuite> <!-- Automation.TheInternet -->
