<?xml version="1.0" encoding="UTF-8"?>
<!-- Generated by org.testng.reporters.JUnitReportReporter -->
<testsuite hostname="Josephs-MacBook-Pro-3.local" failures="0" tests="5" name="Automation.TheInternet" time="6.230" errors="0" timestamp="2020-11-08T14:25:24 EST" skipped="0">
  <testcase classname="Automation.TheInternet" name="tc4CanSelectDropdownListItem" time="0.231"/>
  <system-out/>
  <testcase classname="Automation.TheInternet" name="t5AddRemoveElement" time="4.865"/>
  <system-out/>
  <testcase classname="Automation.TheInternet" name="canLaunchChromeDriver" time="0.530"/>
  <system-out/>
  <testcase classname="Automation.TheInternet" name="canNavigateToIndexPage" time="0.095"/>
  <system-out/>
  <testcase classname="Automation.TheInternet" name="t6BasicAuth" time="0.509"/>
  <system-out/>
</testsuite> <!-- Automation.TheInternet -->
