<?xml version="1.0" encoding="UTF-8"?>
<!-- Generated by org.testng.reporters.JUnitReportReporter -->
<testsuite hostname="Josephs-MacBook-Pro-3.local" failures="0" tests="2" name="Automation.TheInternet" time="0.673" errors="0" timestamp="2020-11-10T17:35:29 EST" skipped="0">
  <testcase classname="Automation.TheInternet" name="canLaunchChromeDriver" time="0.384"/>
  <system-out/>
  <testcase classname="Automation.TheInternet" name="tc20HorizontalSlider" time="0.289"/>
  <system-out/>
</testsuite> <!-- Automation.TheInternet -->
