<?xml version="1.0" encoding="UTF-8"?>
<!-- Generated by org.testng.reporters.JUnitReportReporter -->
<testsuite hostname="Josephs-MacBook-Pro-3.local" failures="0" tests="2" name="Automation.TheInternet" time="1.359" errors="0" timestamp="2020-11-11T12:53:45 EST" skipped="0">
  <testcase classname="Automation.TheInternet" name="tc25JavascriptAlerts" time="0.793"/>
  <system-out/>
  <testcase classname="Automation.TheInternet" name="canLaunchChromeDriver" time="0.566"/>
  <system-out/>
</testsuite> <!-- Automation.TheInternet -->
