<?xml version="1.0" encoding="UTF-8"?>
<!-- Generated by org.testng.reporters.JUnitReportReporter -->
<testsuite hostname="Josephs-MacBook-Pro-3.local" failures="0" tests="2" name="Automation.TheInternet" time="0.970" errors="0" timestamp="2020-11-11T11:41:36 EST" skipped="0">
  <testcase classname="Automation.TheInternet" name="canLaunchChromeDriver" time="0.371"/>
  <system-out/>
  <testcase classname="Automation.TheInternet" name="tc24JQueryUiMenu" time="0.599"/>
  <system-out/>
</testsuite> <!-- Automation.TheInternet -->
